<?xml version="1.0" encoding="UTF-8"?>
<testng-results ignored="0" total="1" passed="1" failed="0" skipped="0">
  <reporter-output>
  </reporter-output>
  <suite started-at="2024-07-08T00:48:33 IST" name="Default suite" finished-at="2024-07-08T00:48:40 IST" duration-ms="6674">
    <groups>
    </groups>
    <test started-at="2024-07-08T00:48:33 IST" name="Default test" finished-at="2024-07-08T00:48:40 IST" duration-ms="6674">
      <class name="Questions.Iframes">
        <test-method is-config="true" signature="bt()[pri:0, instance:Questions.Iframes@449a4f23]" started-at="2024-07-08T00:48:33 IST" name="bt" finished-at="2024-07-08T00:48:39 IST" duration-ms="5147" status="PASS">
          <reporter-output>
          </reporter-output>
        </test-method> <!-- bt -->
        <test-method signature="test1()[pri:0, instance:Questions.Iframes@449a4f23]" started-at="2024-07-08T00:48:39 IST" name="test1" finished-at="2024-07-08T00:48:40 IST" duration-ms="1127" status="PASS">
          <reporter-output>
          </reporter-output>
        </test-method> <!-- test1 -->
        <test-method is-config="true" signature="at()[pri:0, instance:Questions.Iframes@449a4f23]" started-at="2024-07-08T00:48:40 IST" name="at" finished-at="2024-07-08T00:48:40 IST" duration-ms="335" status="PASS">
          <reporter-output>
          </reporter-output>
        </test-method> <!-- at -->
      </class> <!-- Questions.Iframes -->
    </test> <!-- Default test -->
  </suite> <!-- Default suite -->
</testng-results>
